Copyright 1986-2018 Xilinx, Inc. All Rights Reserved.
----------------------------------------------------------------------------------------
| Tool Version : Vivado v.2018.2 (win64) Build 2258646 Thu Jun 14 20:03:12 MDT 2018
| Date         : Wed Oct 17 14:23:27 2018
| Host         : SKY-20170207CJV running 64-bit Service Pack 1  (build 7601)
| Command      : report_control_sets -verbose -file thinpad_top_control_sets_placed.rpt
| Design       : thinpad_top
| Device       : xc7a100t
----------------------------------------------------------------------------------------

Control Set Information

Table of Contents
-----------------
1. Summary
2. Histogram
3. Flip-Flop Distribution
4. Detailed Control Set Information

1. Summary
----------

+----------------------------------------------------------+-------+
|                          Status                          | Count |
+----------------------------------------------------------+-------+
| Number of unique control sets                            |     3 |
| Unused register locations in slices containing registers |     0 |
+----------------------------------------------------------+-------+


2. Histogram
------------

+--------+--------------+
| Fanout | Control Sets |
+--------+--------------+
|      8 |            1 |
|    16+ |            2 |
+--------+--------------+


3. Flip-Flop Distribution
-------------------------

+--------------+-----------------------+------------------------+-----------------+--------------+
| Clock Enable | Synchronous Set/Reset | Asynchronous Set/Reset | Total Registers | Total Slices |
+--------------+-----------------------+------------------------+-----------------+--------------+
| No           | No                    | No                     |               0 |            0 |
| No           | No                    | Yes                    |               8 |            2 |
| No           | Yes                   | No                     |               0 |            0 |
| Yes          | No                    | No                     |               0 |            0 |
| Yes          | No                    | Yes                    |             128 |           32 |
| Yes          | Yes                   | No                     |               0 |            0 |
+--------------+-----------------------+------------------------+-----------------+--------------+


4. Detailed Control Set Information
-----------------------------------

+----------------------+------------------------+------------------+------------------+----------------+
|     Clock Signal     |      Enable Signal     | Set/Reset Signal | Slice Load Count | Bel Load Count |
+----------------------+------------------------+------------------+------------------+----------------+
|  clock_btn_IBUF_BUFG |                        | reset_btn_IBUF   |                2 |              8 |
|  clock_btn_IBUF_BUFG | fsm/inputB[31]_i_1_n_0 | reset_btn_IBUF   |               16 |             64 |
|  clock_btn_IBUF_BUFG | fsm/inputA[31]_i_1_n_0 | reset_btn_IBUF   |               16 |             64 |
+----------------------+------------------------+------------------+------------------+----------------+


