#-----------------------------------------------------------
# Vivado v2018.2 (64-bit)
# SW Build 2258646 on Thu Jun 14 20:03:12 MDT 2018
# IP Build 2256618 on Thu Jun 14 22:10:49 MDT 2018
# Start of session at: Wed Oct 17 08:22:38 2018
# Process ID: 10208
# Current directory: E:/Xilinx_pro/thinpad_top
# Command line: vivado.exe -gui_launcher_event rodinguilauncherevent2100 E:\Xilinx_pro\thinpad_top\thinpad_top.xpr
# Log file: E:/Xilinx_pro/thinpad_top/vivado.log
# Journal file: E:/Xilinx_pro/thinpad_top\vivado.jou
#-----------------------------------------------------------
start_gui
open_project E:/Xilinx_pro/thinpad_top/thinpad_top.xpr
Scanning sources...
Finished scanning sources
INFO: [IP_Flow 19-234] Refreshing IP repositories
INFO: [IP_Flow 19-1704] No user IP repositories specified
INFO: [IP_Flow 19-2313] Loaded Vivado IP repository 'E:/Xilinx/Vivado/2018.2/data/ip'.
open_project: Time (s): cpu = 00:00:25 ; elapsed = 00:00:35 . Memory (MB): peak = 762.625 ; gain = 98.477
update_compile_order -fileset sources_1
exit
INFO: [Common 17-206] Exiting Vivado at Wed Oct 17 08:36:09 2018...
