
*** Running vivado
    with args -log thinpad_top.vdi -applog -m64 -product Vivado -messageDb vivado.pb -mode batch -source thinpad_top.tcl -notrace


****** Vivado v2018.2 (64-bit)
  **** SW Build 2258646 on Thu Jun 14 20:03:12 MDT 2018
  **** IP Build 2256618 on Thu Jun 14 22:10:49 MDT 2018
    ** Copyright 1986-2018 Xilinx, Inc. All Rights Reserved.

source thinpad_top.tcl -notrace
Command: link_design -top thinpad_top -part xc7a100tfgg676-2L
Design is defaulting to srcset: sources_1
Design is defaulting to constrset: constrs_1
INFO: [Netlist 29-17] Analyzing 13 Unisim elements for replacement
INFO: [Netlist 29-28] Unisim Transformation completed in 0 CPU seconds
INFO: [Project 1-479] Netlist was created with Vivado 2018.2
INFO: [Device 21-403] Loading part xc7a100tfgg676-2L
INFO: [Project 1-570] Preparing netlist for logic optimization
CRITICAL WARNING: [Designutils 20-1280] Could not find module 'pll_example'. The XDC file e:/Xilinx_pro/ALU/thinpad_top.srcs/sources_1/ip/pll_example/pll_example_board.xdc will not be read for any cell of this module.
CRITICAL WARNING: [Designutils 20-1280] Could not find module 'pll_example'. The XDC file e:/Xilinx_pro/ALU/thinpad_top.srcs/sources_1/ip/pll_example/pll_example.xdc will not be read for any cell of this module.
Parsing XDC File [E:/Xilinx_pro/ALU/thinpad_top.srcs/constrs_1/new/thinpad_top.xdc]
WARNING: [Vivado 12-507] No nets matched 'clk_11M0592_IBUF'. [E:/Xilinx_pro/ALU/thinpad_top.srcs/constrs_1/new/thinpad_top.xdc:4]
CRITICAL WARNING: [Common 17-55] 'set_property' expects at least one object. [E:/Xilinx_pro/ALU/thinpad_top.srcs/constrs_1/new/thinpad_top.xdc:4]
Resolution: If [get_<value>] was used to populate the object, check to make sure this command returns at least one valid object.
WARNING: [Vivado 12-507] No nets matched 'clock_btn_IBUF'. [E:/Xilinx_pro/ALU/thinpad_top.srcs/constrs_1/new/thinpad_top.xdc:18]
CRITICAL WARNING: [Common 17-55] 'set_property' expects at least one object. [E:/Xilinx_pro/ALU/thinpad_top.srcs/constrs_1/new/thinpad_top.xdc:18]
Resolution: If [get_<value>] was used to populate the object, check to make sure this command returns at least one valid object.
Finished Parsing XDC File [E:/Xilinx_pro/ALU/thinpad_top.srcs/constrs_1/new/thinpad_top.xdc]
INFO: [Opt 31-138] Pushed 0 inverter(s) to 0 load pin(s).
INFO: [Project 1-111] Unisim Transformation Summary:
  A total of 8 instances were transformed.
  IOBUF => IOBUF (IBUF, OBUFT): 8 instances

7 Infos, 2 Warnings, 4 Critical Warnings and 0 Errors encountered.
link_design completed successfully
link_design: Time (s): cpu = 00:00:10 ; elapsed = 00:00:10 . Memory (MB): peak = 602.285 ; gain = 326.527
Command: opt_design
Attempting to get a license for feature 'Implementation' and/or device 'xc7a100t'
INFO: [Common 17-349] Got license for feature 'Implementation' and/or device 'xc7a100t'
Running DRC as a precondition to command opt_design

Starting DRC Task
INFO: [DRC 23-27] Running DRC with 2 threads
WARNING: [DRC RPBF-3] IO port buffering is incomplete: Device port base_ram_data[10] expects both input and output buffering but the buffers are incomplete.
WARNING: [DRC RPBF-3] IO port buffering is incomplete: Device port base_ram_data[11] expects both input and output buffering but the buffers are incomplete.
WARNING: [DRC RPBF-3] IO port buffering is incomplete: Device port base_ram_data[12] expects both input and output buffering but the buffers are incomplete.
WARNING: [DRC RPBF-3] IO port buffering is incomplete: Device port base_ram_data[13] expects both input and output buffering but the buffers are incomplete.
WARNING: [DRC RPBF-3] IO port buffering is incomplete: Device port base_ram_data[14] expects both input and output buffering but the buffers are incomplete.
WARNING: [DRC RPBF-3] IO port buffering is incomplete: Device port base_ram_data[15] expects both input and output buffering but the buffers are incomplete.
WARNING: [DRC RPBF-3] IO port buffering is incomplete: Device port base_ram_data[16] expects both input and output buffering but the buffers are incomplete.
WARNING: [DRC RPBF-3] IO port buffering is incomplete: Device port base_ram_data[17] expects both input and output buffering but the buffers are incomplete.
WARNING: [DRC RPBF-3] IO port buffering is incomplete: Device port base_ram_data[18] expects both input and output buffering but the buffers are incomplete.
WARNING: [DRC RPBF-3] IO port buffering is incomplete: Device port base_ram_data[19] expects both input and output buffering but the buffers are incomplete.
WARNING: [DRC RPBF-3] IO port buffering is incomplete: Device port base_ram_data[20] expects both input and output buffering but the buffers are incomplete.
WARNING: [DRC RPBF-3] IO port buffering is incomplete: Device port base_ram_data[21] expects both input and output buffering but the buffers are incomplete.
WARNING: [DRC RPBF-3] IO port buffering is incomplete: Device port base_ram_data[22] expects both input and output buffering but the buffers are incomplete.
WARNING: [DRC RPBF-3] IO port buffering is incomplete: Device port base_ram_data[23] expects both input and output buffering but the buffers are incomplete.
WARNING: [DRC RPBF-3] IO port buffering is incomplete: Device port base_ram_data[24] expects both input and output buffering but the buffers are incomplete.
WARNING: [DRC RPBF-3] IO port buffering is incomplete: Device port base_ram_data[25] expects both input and output buffering but the buffers are incomplete.
WARNING: [DRC RPBF-3] IO port buffering is incomplete: Device port base_ram_data[26] expects both input and output buffering but the buffers are incomplete.
WARNING: [DRC RPBF-3] IO port buffering is incomplete: Device port base_ram_data[27] expects both input and output buffering but the buffers are incomplete.
WARNING: [DRC RPBF-3] IO port buffering is incomplete: Device port base_ram_data[28] expects both input and output buffering but the buffers are incomplete.
WARNING: [DRC RPBF-3] IO port buffering is incomplete: Device port base_ram_data[29] expects both input and output buffering but the buffers are incomplete.
WARNING: [DRC RPBF-3] IO port buffering is incomplete: Device port base_ram_data[30] expects both input and output buffering but the buffers are incomplete.
WARNING: [DRC RPBF-3] IO port buffering is incomplete: Device port base_ram_data[31] expects both input and output buffering but the buffers are incomplete.
WARNING: [DRC RPBF-3] IO port buffering is incomplete: Device port base_ram_data[8] expects both input and output buffering but the buffers are incomplete.
WARNING: [DRC RPBF-3] IO port buffering is incomplete: Device port base_ram_data[9] expects both input and output buffering but the buffers are incomplete.
INFO: [Project 1-461] DRC finished with 0 Errors, 24 Warnings
INFO: [Project 1-462] Please refer to the DRC report (report_drc) for more information.

Time (s): cpu = 00:00:01 ; elapsed = 00:00:00.951 . Memory (MB): peak = 613.988 ; gain = 11.703

Starting Cache Timing Information Task
INFO: [Timing 38-35] Done setting XDC timing constraints.
Ending Cache Timing Information Task | Checksum: 12ede9809

Time (s): cpu = 00:00:15 ; elapsed = 00:00:16 . Memory (MB): peak = 1156.934 ; gain = 542.945

Starting Logic Optimization Task

Phase 1 Retarget
INFO: [Opt 31-138] Pushed 0 inverter(s) to 0 load pin(s).
INFO: [Opt 31-49] Retargeted 0 cell(s).
Phase 1 Retarget | Checksum: 12ede9809

Time (s): cpu = 00:00:00 ; elapsed = 00:00:00.454 . Memory (MB): peak = 1156.934 ; gain = 0.000
INFO: [Opt 31-389] Phase Retarget created 0 cells and removed 0 cells

Phase 2 Constant propagation
INFO: [Opt 31-138] Pushed 0 inverter(s) to 0 load pin(s).
Phase 2 Constant propagation | Checksum: 12ede9809

Time (s): cpu = 00:00:00 ; elapsed = 00:00:00.482 . Memory (MB): peak = 1156.934 ; gain = 0.000
INFO: [Opt 31-389] Phase Constant propagation created 0 cells and removed 0 cells

Phase 3 Sweep
Phase 3 Sweep | Checksum: 12ede9809

Time (s): cpu = 00:00:00 ; elapsed = 00:00:00.704 . Memory (MB): peak = 1156.934 ; gain = 0.000
INFO: [Opt 31-389] Phase Sweep created 0 cells and removed 0 cells

Phase 4 BUFG optimization
Phase 4 BUFG optimization | Checksum: 12ede9809

Time (s): cpu = 00:00:00 ; elapsed = 00:00:00.824 . Memory (MB): peak = 1156.934 ; gain = 0.000
INFO: [Opt 31-662] Phase BUFG optimization created 0 cells of which 0 are BUFGs and removed 0 cells.

Phase 5 Shift Register Optimization
Phase 5 Shift Register Optimization | Checksum: 12ede9809

Time (s): cpu = 00:00:00 ; elapsed = 00:00:00.851 . Memory (MB): peak = 1156.934 ; gain = 0.000
INFO: [Opt 31-389] Phase Shift Register Optimization created 0 cells and removed 0 cells

Phase 6 Post Processing Netlist
Phase 6 Post Processing Netlist | Checksum: 12ede9809

Time (s): cpu = 00:00:00 ; elapsed = 00:00:00.858 . Memory (MB): peak = 1156.934 ; gain = 0.000
INFO: [Opt 31-389] Phase Post Processing Netlist created 0 cells and removed 0 cells

Starting Connectivity Check Task

Time (s): cpu = 00:00:00 ; elapsed = 00:00:00.002 . Memory (MB): peak = 1156.934 ; gain = 0.000
Ending Logic Optimization Task | Checksum: 12ede9809

Time (s): cpu = 00:00:00 ; elapsed = 00:00:00.877 . Memory (MB): peak = 1156.934 ; gain = 0.000

Starting Power Optimization Task
INFO: [Pwropt 34-132] Skipping clock gating for clocks with a period < 2.00 ns.
Ending Power Optimization Task | Checksum: 12ede9809

Time (s): cpu = 00:00:00 ; elapsed = 00:00:00.089 . Memory (MB): peak = 1156.934 ; gain = 0.000

Starting Final Cleanup Task
Ending Final Cleanup Task | Checksum: 12ede9809

Time (s): cpu = 00:00:00 ; elapsed = 00:00:00 . Memory (MB): peak = 1156.934 ; gain = 0.000
INFO: [Common 17-83] Releasing license: Implementation
23 Infos, 26 Warnings, 4 Critical Warnings and 0 Errors encountered.
opt_design completed successfully
opt_design: Time (s): cpu = 00:00:16 ; elapsed = 00:00:18 . Memory (MB): peak = 1156.934 ; gain = 554.648
Writing placer database...
INFO: [Timing 38-480] Writing timing data to binary archive.
Writing XDEF routing.
Writing XDEF routing logical nets.
Writing XDEF routing special nets.
Write XDEF Complete: Time (s): cpu = 00:00:01 ; elapsed = 00:00:00.108 . Memory (MB): peak = 1156.934 ; gain = 0.000
INFO: [Common 17-1381] The checkpoint 'E:/Xilinx_pro/ALU/thinpad_top.runs/impl_1/thinpad_top_opt.dcp' has been generated.
INFO: [runtcl-4] Executing : report_drc -file thinpad_top_drc_opted.rpt -pb thinpad_top_drc_opted.pb -rpx thinpad_top_drc_opted.rpx
Command: report_drc -file thinpad_top_drc_opted.rpt -pb thinpad_top_drc_opted.pb -rpx thinpad_top_drc_opted.rpx
INFO: [DRC 23-27] Running DRC with 2 threads
INFO: [Coretcl 2-168] The results of DRC are in file E:/Xilinx_pro/ALU/thinpad_top.runs/impl_1/thinpad_top_drc_opted.rpt.
report_drc completed successfully
Command: place_design
Attempting to get a license for feature 'Implementation' and/or device 'xc7a100t'
INFO: [Common 17-349] Got license for feature 'Implementation' and/or device 'xc7a100t'
INFO: [DRC 23-27] Running DRC with 2 threads
INFO: [Vivado_Tcl 4-198] DRC finished with 0 Errors
INFO: [Vivado_Tcl 4-199] Please refer to the DRC report (report_drc) for more information.
Running DRC as a precondition to command place_design
INFO: [DRC 23-27] Running DRC with 2 threads
WARNING: [DRC RPBF-3] IO port buffering is incomplete: Device port base_ram_data[10] expects both input and output buffering but the buffers are incomplete.
WARNING: [DRC RPBF-3] IO port buffering is incomplete: Device port base_ram_data[11] expects both input and output buffering but the buffers are incomplete.
WARNING: [DRC RPBF-3] IO port buffering is incomplete: Device port base_ram_data[12] expects both input and output buffering but the buffers are incomplete.
WARNING: [DRC RPBF-3] IO port buffering is incomplete: Device port base_ram_data[13] expects both input and output buffering but the buffers are incomplete.
WARNING: [DRC RPBF-3] IO port buffering is incomplete: Device port base_ram_data[14] expects both input and output buffering but the buffers are incomplete.
WARNING: [DRC RPBF-3] IO port buffering is incomplete: Device port base_ram_data[15] expects both input and output buffering but the buffers are incomplete.
WARNING: [DRC RPBF-3] IO port buffering is incomplete: Device port base_ram_data[16] expects both input and output buffering but the buffers are incomplete.
WARNING: [DRC RPBF-3] IO port buffering is incomplete: Device port base_ram_data[17] expects both input and output buffering but the buffers are incomplete.
WARNING: [DRC RPBF-3] IO port buffering is incomplete: Device port base_ram_data[18] expects both input and output buffering but the buffers are incomplete.
WARNING: [DRC RPBF-3] IO port buffering is incomplete: Device port base_ram_data[19] expects both input and output buffering but the buffers are incomplete.
WARNING: [DRC RPBF-3] IO port buffering is incomplete: Device port base_ram_data[20] expects both input and output buffering but the buffers are incomplete.
WARNING: [DRC RPBF-3] IO port buffering is incomplete: Device port base_ram_data[21] expects both input and output buffering but the buffers are incomplete.
WARNING: [DRC RPBF-3] IO port buffering is incomplete: Device port base_ram_data[22] expects both input and output buffering but the buffers are incomplete.
WARNING: [DRC RPBF-3] IO port buffering is incomplete: Device port base_ram_data[23] expects both input and output buffering but the buffers are incomplete.
WARNING: [DRC RPBF-3] IO port buffering is incomplete: Device port base_ram_data[24] expects both input and output buffering but the buffers are incomplete.
WARNING: [DRC RPBF-3] IO port buffering is incomplete: Device port base_ram_data[25] expects both input and output buffering but the buffers are incomplete.
WARNING: [DRC RPBF-3] IO port buffering is incomplete: Device port base_ram_data[26] expects both input and output buffering but the buffers are incomplete.
WARNING: [DRC RPBF-3] IO port buffering is incomplete: Device port base_ram_data[27] expects both input and output buffering but the buffers are incomplete.
WARNING: [DRC RPBF-3] IO port buffering is incomplete: Device port base_ram_data[28] expects both input and output buffering but the buffers are incomplete.
WARNING: [DRC RPBF-3] IO port buffering is incomplete: Device port base_ram_data[29] expects both input and output buffering but the buffers are incomplete.
WARNING: [DRC RPBF-3] IO port buffering is incomplete: Device port base_ram_data[30] expects both input and output buffering but the buffers are incomplete.
WARNING: [DRC RPBF-3] IO port buffering is incomplete: Device port base_ram_data[31] expects both input and output buffering but the buffers are incomplete.
WARNING: [DRC RPBF-3] IO port buffering is incomplete: Device port base_ram_data[8] expects both input and output buffering but the buffers are incomplete.
WARNING: [DRC RPBF-3] IO port buffering is incomplete: Device port base_ram_data[9] expects both input and output buffering but the buffers are incomplete.
INFO: [Vivado_Tcl 4-198] DRC finished with 0 Errors, 24 Warnings
INFO: [Vivado_Tcl 4-199] Please refer to the DRC report (report_drc) for more information.

Starting Placer Task
INFO: [Place 30-611] Multithreading enabled for place_design using a maximum of 2 CPUs

Phase 1 Placer Initialization

Phase 1.1 Placer Initialization Netlist Sorting
Netlist sorting complete. Time (s): cpu = 00:00:00 ; elapsed = 00:00:00.001 . Memory (MB): peak = 1156.934 ; gain = 0.000
Phase 1.1 Placer Initialization Netlist Sorting | Checksum: e108972b

Time (s): cpu = 00:00:00 ; elapsed = 00:00:00.262 . Memory (MB): peak = 1156.934 ; gain = 0.000
Netlist sorting complete. Time (s): cpu = 00:00:00 ; elapsed = 00:00:00.001 . Memory (MB): peak = 1156.934 ; gain = 0.000

Phase 1.2 IO Placement/ Clock Placement/ Build Placer Device
INFO: [Timing 38-35] Done setting XDC timing constraints.
Phase 1.2 IO Placement/ Clock Placement/ Build Placer Device | Checksum: 17d1d7c39

Time (s): cpu = 00:00:04 ; elapsed = 00:00:04 . Memory (MB): peak = 1156.934 ; gain = 0.000

Phase 1.3 Build Placer Netlist Model
Phase 1.3 Build Placer Netlist Model | Checksum: 1d44d53e6

Time (s): cpu = 00:00:05 ; elapsed = 00:00:05 . Memory (MB): peak = 1156.934 ; gain = 0.000

Phase 1.4 Constrain Clocks/Macros
Phase 1.4 Constrain Clocks/Macros | Checksum: 1d44d53e6

Time (s): cpu = 00:00:05 ; elapsed = 00:00:05 . Memory (MB): peak = 1156.934 ; gain = 0.000
Phase 1 Placer Initialization | Checksum: 1d44d53e6

Time (s): cpu = 00:00:05 ; elapsed = 00:00:05 . Memory (MB): peak = 1156.934 ; gain = 0.000

Phase 2 Global Placement

Phase 2.1 Floorplanning
Phase 2.1 Floorplanning | Checksum: 1a44165cb

Time (s): cpu = 00:00:05 ; elapsed = 00:00:06 . Memory (MB): peak = 1156.934 ; gain = 0.000

Phase 2.2 Physical Synthesis In Placer
INFO: [Physopt 32-65] No nets found for high-fanout optimization.
INFO: [Physopt 32-232] Optimized 0 net. Created 0 new instance.
INFO: [Physopt 32-775] End 1 Pass. Optimized 0 net or cell. Created 0 new cell, deleted 0 existing cell and moved 0 existing cell
Netlist sorting complete. Time (s): cpu = 00:00:00 ; elapsed = 00:00:00 . Memory (MB): peak = 1156.934 ; gain = 0.000

Summary of Physical Synthesis Optimizations
============================================


-----------------------------------------------------------------------------------------------------------------------------
|  Optimization       |  Added Cells  |  Removed Cells  |  Optimized Cells/Nets  |  Dont Touch  |  Iterations  |  Elapsed   |
-----------------------------------------------------------------------------------------------------------------------------
|  Very High Fanout   |            0  |              0  |                     0  |           0  |           1  |  00:00:00  |
|  Total              |            0  |              0  |                     0  |           0  |           1  |  00:00:00  |
-----------------------------------------------------------------------------------------------------------------------------


Phase 2.2 Physical Synthesis In Placer | Checksum: 1e0809107

Time (s): cpu = 00:00:07 ; elapsed = 00:00:07 . Memory (MB): peak = 1156.934 ; gain = 0.000
Phase 2 Global Placement | Checksum: 18fc44707

Time (s): cpu = 00:00:07 ; elapsed = 00:00:08 . Memory (MB): peak = 1156.934 ; gain = 0.000

Phase 3 Detail Placement

Phase 3.1 Commit Multi Column Macros
Phase 3.1 Commit Multi Column Macros | Checksum: 18fc44707

Time (s): cpu = 00:00:07 ; elapsed = 00:00:08 . Memory (MB): peak = 1156.934 ; gain = 0.000

Phase 3.2 Commit Most Macros & LUTRAMs
Phase 3.2 Commit Most Macros & LUTRAMs | Checksum: 221e295b4

Time (s): cpu = 00:00:07 ; elapsed = 00:00:08 . Memory (MB): peak = 1156.934 ; gain = 0.000

Phase 3.3 Area Swap Optimization
Phase 3.3 Area Swap Optimization | Checksum: 27c4d17aa

Time (s): cpu = 00:00:07 ; elapsed = 00:00:08 . Memory (MB): peak = 1156.934 ; gain = 0.000

Phase 3.4 Pipeline Register Optimization
Phase 3.4 Pipeline Register Optimization | Checksum: 27c4d17aa

Time (s): cpu = 00:00:07 ; elapsed = 00:00:08 . Memory (MB): peak = 1156.934 ; gain = 0.000

Phase 3.5 Small Shape Detail Placement
Phase 3.5 Small Shape Detail Placement | Checksum: 1fd4193ee

Time (s): cpu = 00:00:08 ; elapsed = 00:00:09 . Memory (MB): peak = 1156.934 ; gain = 0.000

Phase 3.6 Re-assign LUT pins
Phase 3.6 Re-assign LUT pins | Checksum: 1f475106f

Time (s): cpu = 00:00:08 ; elapsed = 00:00:09 . Memory (MB): peak = 1156.934 ; gain = 0.000

Phase 3.7 Pipeline Register Optimization
Phase 3.7 Pipeline Register Optimization | Checksum: 1f475106f

Time (s): cpu = 00:00:08 ; elapsed = 00:00:09 . Memory (MB): peak = 1156.934 ; gain = 0.000
Phase 3 Detail Placement | Checksum: 1f475106f

Time (s): cpu = 00:00:08 ; elapsed = 00:00:09 . Memory (MB): peak = 1156.934 ; gain = 0.000

Phase 4 Post Placement Optimization and Clean-Up

Phase 4.1 Post Commit Optimization
INFO: [Timing 38-35] Done setting XDC timing constraints.

Phase 4.1.1 Post Placement Optimization
Post Placement Optimization Initialization | Checksum: 1239550b5

Phase 4.1.1.1 BUFG Insertion
INFO: [Place 46-31] BUFG insertion identified 0 candidate nets, 0 success, 0 skipped for placement/routing, 0 skipped for timing, 0 skipped for netlist change reason.
Phase 4.1.1.1 BUFG Insertion | Checksum: 1239550b5

Time (s): cpu = 00:00:08 ; elapsed = 00:00:09 . Memory (MB): peak = 1161.551 ; gain = 4.617
INFO: [Place 30-746] Post Placement Timing Summary WNS=17.267. For the most accurate timing information please run report_timing.
Phase 4.1.1 Post Placement Optimization | Checksum: 197f8e0b1

Time (s): cpu = 00:00:08 ; elapsed = 00:00:09 . Memory (MB): peak = 1161.551 ; gain = 4.617
Phase 4.1 Post Commit Optimization | Checksum: 197f8e0b1

Time (s): cpu = 00:00:08 ; elapsed = 00:00:09 . Memory (MB): peak = 1161.551 ; gain = 4.617

Phase 4.2 Post Placement Cleanup
Phase 4.2 Post Placement Cleanup | Checksum: 197f8e0b1

Time (s): cpu = 00:00:08 ; elapsed = 00:00:09 . Memory (MB): peak = 1161.551 ; gain = 4.617

Phase 4.3 Placer Reporting
Phase 4.3 Placer Reporting | Checksum: 197f8e0b1

Time (s): cpu = 00:00:08 ; elapsed = 00:00:09 . Memory (MB): peak = 1161.551 ; gain = 4.617

Phase 4.4 Final Placement Cleanup
Phase 4.4 Final Placement Cleanup | Checksum: 17b9bfc2a

Time (s): cpu = 00:00:08 ; elapsed = 00:00:09 . Memory (MB): peak = 1161.551 ; gain = 4.617
Phase 4 Post Placement Optimization and Clean-Up | Checksum: 17b9bfc2a

Time (s): cpu = 00:00:08 ; elapsed = 00:00:09 . Memory (MB): peak = 1161.551 ; gain = 4.617
Ending Placer Task | Checksum: a1268f42

Time (s): cpu = 00:00:08 ; elapsed = 00:00:09 . Memory (MB): peak = 1161.551 ; gain = 4.617
INFO: [Common 17-83] Releasing license: Implementation
44 Infos, 50 Warnings, 4 Critical Warnings and 0 Errors encountered.
place_design completed successfully
place_design: Time (s): cpu = 00:00:10 ; elapsed = 00:00:10 . Memory (MB): peak = 1161.551 ; gain = 4.617
INFO: [Timing 38-480] Writing timing data to binary archive.
Writing placer database...
Writing XDEF routing.
Writing XDEF routing logical nets.
Writing XDEF routing special nets.
Write XDEF Complete: Time (s): cpu = 00:00:00 ; elapsed = 00:00:00.104 . Memory (MB): peak = 1168.926 ; gain = 7.375
INFO: [Common 17-1381] The checkpoint 'E:/Xilinx_pro/ALU/thinpad_top.runs/impl_1/thinpad_top_placed.dcp' has been generated.
INFO: [runtcl-4] Executing : report_io -file thinpad_top_io_placed.rpt
report_io: Time (s): cpu = 00:00:01 ; elapsed = 00:00:00.427 . Memory (MB): peak = 1168.926 ; gain = 0.000
INFO: [runtcl-4] Executing : report_utilization -file thinpad_top_utilization_placed.rpt -pb thinpad_top_utilization_placed.pb
report_utilization: Time (s): cpu = 00:00:00 ; elapsed = 00:00:00.083 . Memory (MB): peak = 1168.926 ; gain = 0.000
INFO: [runtcl-4] Executing : report_control_sets -verbose -file thinpad_top_control_sets_placed.rpt
report_control_sets: Time (s): cpu = 00:00:00 ; elapsed = 00:00:00.002 . Memory (MB): peak = 1168.926 ; gain = 0.000
Command: route_design
Attempting to get a license for feature 'Implementation' and/or device 'xc7a100t'
INFO: [Common 17-349] Got license for feature 'Implementation' and/or device 'xc7a100t'
Running DRC as a precondition to command route_design
INFO: [DRC 23-27] Running DRC with 2 threads
INFO: [Vivado_Tcl 4-198] DRC finished with 0 Errors
INFO: [Vivado_Tcl 4-199] Please refer to the DRC report (report_drc) for more information.


Starting Routing Task
INFO: [Route 35-254] Multithreading enabled for route_design using a maximum of 2 CPUs
Checksum: PlaceDB: ca147e4 ConstDB: 0 ShapeSum: 9485475e RouteDB: 0

Phase 1 Build RT Design
Phase 1 Build RT Design | Checksum: 84f17782

Time (s): cpu = 00:00:41 ; elapsed = 00:00:38 . Memory (MB): peak = 1293.707 ; gain = 124.781
Post Restoration Checksum: NetGraph: 454610d2 NumContArr: 3fab66b0 Constraints: 0 Timing: 0

Phase 2 Router Initialization

Phase 2.1 Create Timer
Phase 2.1 Create Timer | Checksum: 84f17782

Time (s): cpu = 00:00:41 ; elapsed = 00:00:38 . Memory (MB): peak = 1293.707 ; gain = 124.781

Phase 2.2 Fix Topology Constraints
Phase 2.2 Fix Topology Constraints | Checksum: 84f17782

Time (s): cpu = 00:00:41 ; elapsed = 00:00:38 . Memory (MB): peak = 1300.160 ; gain = 131.234

Phase 2.3 Pre Route Cleanup
Phase 2.3 Pre Route Cleanup | Checksum: 84f17782

Time (s): cpu = 00:00:41 ; elapsed = 00:00:38 . Memory (MB): peak = 1300.160 ; gain = 131.234
 Number of Nodes with overlaps = 0

Phase 2.4 Update Timing
Phase 2.4 Update Timing | Checksum: a8c32f57

Time (s): cpu = 00:00:41 ; elapsed = 00:00:39 . Memory (MB): peak = 1310.105 ; gain = 141.180
INFO: [Route 35-416] Intermediate Timing Summary | WNS=17.244 | TNS=0.000  | WHS=-0.093 | THS=-0.395 |

Phase 2 Router Initialization | Checksum: dda0d97f

Time (s): cpu = 00:00:41 ; elapsed = 00:00:39 . Memory (MB): peak = 1310.105 ; gain = 141.180

Phase 3 Initial Routing
Phase 3 Initial Routing | Checksum: b24f973a

Time (s): cpu = 00:00:42 ; elapsed = 00:00:39 . Memory (MB): peak = 1310.105 ; gain = 141.180

Phase 4 Rip-up And Reroute

Phase 4.1 Global Iteration 0
 Number of Nodes with overlaps = 2
 Number of Nodes with overlaps = 0
INFO: [Route 35-416] Intermediate Timing Summary | WNS=17.204 | TNS=0.000  | WHS=N/A    | THS=N/A    |

Phase 4.1 Global Iteration 0 | Checksum: 1f7aa238f

Time (s): cpu = 00:00:42 ; elapsed = 00:00:39 . Memory (MB): peak = 1310.105 ; gain = 141.180
Phase 4 Rip-up And Reroute | Checksum: 1f7aa238f

Time (s): cpu = 00:00:42 ; elapsed = 00:00:39 . Memory (MB): peak = 1310.105 ; gain = 141.180

Phase 5 Delay and Skew Optimization

Phase 5.1 Delay CleanUp
Phase 5.1 Delay CleanUp | Checksum: 1f7aa238f

Time (s): cpu = 00:00:42 ; elapsed = 00:00:39 . Memory (MB): peak = 1310.105 ; gain = 141.180

Phase 5.2 Clock Skew Optimization
Phase 5.2 Clock Skew Optimization | Checksum: 1f7aa238f

Time (s): cpu = 00:00:42 ; elapsed = 00:00:39 . Memory (MB): peak = 1310.105 ; gain = 141.180
Phase 5 Delay and Skew Optimization | Checksum: 1f7aa238f

Time (s): cpu = 00:00:42 ; elapsed = 00:00:39 . Memory (MB): peak = 1310.105 ; gain = 141.180

Phase 6 Post Hold Fix

Phase 6.1 Hold Fix Iter

Phase 6.1.1 Update Timing
Phase 6.1.1 Update Timing | Checksum: 1e715a5fd

Time (s): cpu = 00:00:42 ; elapsed = 00:00:39 . Memory (MB): peak = 1310.105 ; gain = 141.180
INFO: [Route 35-416] Intermediate Timing Summary | WNS=17.286 | TNS=0.000  | WHS=0.255  | THS=0.000  |

Phase 6.1 Hold Fix Iter | Checksum: 1e715a5fd

Time (s): cpu = 00:00:42 ; elapsed = 00:00:39 . Memory (MB): peak = 1310.105 ; gain = 141.180
Phase 6 Post Hold Fix | Checksum: 1e715a5fd

Time (s): cpu = 00:00:42 ; elapsed = 00:00:39 . Memory (MB): peak = 1310.105 ; gain = 141.180

Phase 7 Route finalize

Router Utilization Summary
  Global Vertical Routing Utilization    = 0.122296 %
  Global Horizontal Routing Utilization  = 0.0336033 %
  Routable Net Status*
  *Does not include unroutable nets such as driverless and loadless.
  Run report_route_status for detailed report.
  Number of Failed Nets               = 0
  Number of Unrouted Nets             = 0
  Number of Partially Routed Nets     = 0
  Number of Node Overlaps             = 0

Phase 7 Route finalize | Checksum: 20325cb12

Time (s): cpu = 00:00:42 ; elapsed = 00:00:39 . Memory (MB): peak = 1310.105 ; gain = 141.180

Phase 8 Verifying routed nets

 Verification completed successfully
Phase 8 Verifying routed nets | Checksum: 20325cb12

Time (s): cpu = 00:00:42 ; elapsed = 00:00:39 . Memory (MB): peak = 1311.660 ; gain = 142.734

Phase 9 Depositing Routes
Phase 9 Depositing Routes | Checksum: 218359f5f

Time (s): cpu = 00:00:42 ; elapsed = 00:00:39 . Memory (MB): peak = 1311.660 ; gain = 142.734

Phase 10 Post Router Timing
INFO: [Route 35-57] Estimated Timing Summary | WNS=17.286 | TNS=0.000  | WHS=0.255  | THS=0.000  |

INFO: [Route 35-327] The final timing numbers are based on the router estimated timing analysis. For a complete and accurate timing signoff, please run report_timing_summary.
Phase 10 Post Router Timing | Checksum: 218359f5f

Time (s): cpu = 00:00:42 ; elapsed = 00:00:39 . Memory (MB): peak = 1311.660 ; gain = 142.734
INFO: [Route 35-16] Router Completed Successfully

Time (s): cpu = 00:00:42 ; elapsed = 00:00:39 . Memory (MB): peak = 1311.660 ; gain = 142.734

Routing Is Done.
INFO: [Common 17-83] Releasing license: Implementation
61 Infos, 50 Warnings, 4 Critical Warnings and 0 Errors encountered.
route_design completed successfully
route_design: Time (s): cpu = 00:00:45 ; elapsed = 00:00:41 . Memory (MB): peak = 1311.660 ; gain = 142.734
INFO: [Timing 38-480] Writing timing data to binary archive.
Writing placer database...
Writing XDEF routing.
Writing XDEF routing logical nets.
Writing XDEF routing special nets.
Write XDEF Complete: Time (s): cpu = 00:00:01 ; elapsed = 00:00:00.122 . Memory (MB): peak = 1311.660 ; gain = 0.000
INFO: [Common 17-1381] The checkpoint 'E:/Xilinx_pro/ALU/thinpad_top.runs/impl_1/thinpad_top_routed.dcp' has been generated.
INFO: [runtcl-4] Executing : report_drc -file thinpad_top_drc_routed.rpt -pb thinpad_top_drc_routed.pb -rpx thinpad_top_drc_routed.rpx
Command: report_drc -file thinpad_top_drc_routed.rpt -pb thinpad_top_drc_routed.pb -rpx thinpad_top_drc_routed.rpx
INFO: [DRC 23-27] Running DRC with 2 threads
INFO: [Coretcl 2-168] The results of DRC are in file E:/Xilinx_pro/ALU/thinpad_top.runs/impl_1/thinpad_top_drc_routed.rpt.
report_drc completed successfully
INFO: [runtcl-4] Executing : report_methodology -file thinpad_top_methodology_drc_routed.rpt -pb thinpad_top_methodology_drc_routed.pb -rpx thinpad_top_methodology_drc_routed.rpx
Command: report_methodology -file thinpad_top_methodology_drc_routed.rpt -pb thinpad_top_methodology_drc_routed.pb -rpx thinpad_top_methodology_drc_routed.rpx
INFO: [Timing 38-35] Done setting XDC timing constraints.
INFO: [Timing 38-35] Done setting XDC timing constraints.
INFO: [DRC 23-133] Running Methodology with 2 threads
INFO: [Coretcl 2-1520] The results of Report Methodology are in file E:/Xilinx_pro/ALU/thinpad_top.runs/impl_1/thinpad_top_methodology_drc_routed.rpt.
report_methodology completed successfully
INFO: [runtcl-4] Executing : report_power -file thinpad_top_power_routed.rpt -pb thinpad_top_power_summary_routed.pb -rpx thinpad_top_power_routed.rpx
Command: report_power -file thinpad_top_power_routed.rpt -pb thinpad_top_power_summary_routed.pb -rpx thinpad_top_power_routed.rpx
INFO: [Timing 38-35] Done setting XDC timing constraints.
Running Vector-less Activity Propagation...

Finished Running Vector-less Activity Propagation
73 Infos, 50 Warnings, 4 Critical Warnings and 0 Errors encountered.
report_power completed successfully
INFO: [runtcl-4] Executing : report_route_status -file thinpad_top_route_status.rpt -pb thinpad_top_route_status.pb
INFO: [runtcl-4] Executing : report_timing_summary -max_paths 10 -file thinpad_top_timing_summary_routed.rpt -pb thinpad_top_timing_summary_routed.pb -rpx thinpad_top_timing_summary_routed.rpx -warn_on_violation 
INFO: [Timing 38-91] UpdateTimingParams: Speed grade: -2L, Delay Type: min_max, Timing Stage: Requireds.
INFO: [Timing 38-191] Multithreading enabled for timing update using a maximum of 2 CPUs
INFO: [runtcl-4] Executing : report_incremental_reuse -file thinpad_top_incremental_reuse_routed.rpt
INFO: [Vivado_Tcl 4-545] No incremental reuse to report, no incremental placement and routing data was found.
INFO: [runtcl-4] Executing : report_clock_utilization -file thinpad_top_clock_utilization_routed.rpt
INFO: [runtcl-4] Executing : report_bus_skew -warn_on_violation -file thinpad_top_bus_skew_routed.rpt -pb thinpad_top_bus_skew_routed.pb -rpx thinpad_top_bus_skew_routed.rpx
INFO: [Timing 38-91] UpdateTimingParams: Speed grade: -2L, Delay Type: min_max, Timing Stage: Requireds.
INFO: [Timing 38-191] Multithreading enabled for timing update using a maximum of 2 CPUs
Command: write_bitstream -force thinpad_top.bit
Attempting to get a license for feature 'Implementation' and/or device 'xc7a100t'
INFO: [Common 17-349] Got license for feature 'Implementation' and/or device 'xc7a100t'
Running DRC as a precondition to command write_bitstream
INFO: [DRC 23-27] Running DRC with 2 threads
INFO: [Vivado 12-3199] DRC finished with 0 Errors
INFO: [Vivado 12-3200] Please refer to the DRC report (report_drc) for more information.
INFO: [Designutils 20-2272] Running write_bitstream with 2 threads.
Loading data files...
Loading site data...
Loading route data...
Processing options...
Creating bitmap...
Creating bitstream...
Writing bitstream ./thinpad_top.bit...
INFO: [Vivado 12-1842] Bitgen Completed Successfully.
INFO: [Project 1-120] WebTalk data collection is mandatory when using a WebPACK part without a full Vivado license. To see the specific WebTalk data collected for your design, open the usage_statistics_webtalk.html or usage_statistics_webtalk.xml file in the implementation directory.
INFO: [Common 17-186] 'E:/Xilinx_pro/ALU/thinpad_top.runs/impl_1/usage_statistics_webtalk.xml' has been successfully sent to Xilinx on Wed Oct 31 19:08:43 2018. For additional details about this file, please refer to the WebTalk help file at E:/Xilinx/Vivado/2018.2/doc/webtalk_introduction.html.
INFO: [Common 17-83] Releasing license: Implementation
92 Infos, 50 Warnings, 4 Critical Warnings and 0 Errors encountered.
write_bitstream completed successfully
write_bitstream: Time (s): cpu = 00:00:22 ; elapsed = 00:00:28 . Memory (MB): peak = 1736.789 ; gain = 398.164
INFO: [Common 17-206] Exiting Vivado at Wed Oct 31 19:08:44 2018...
